  callbacks.cpp
  main.cpp
  MistGenerator.cpp
  Particle.cpp
  ParticleGenerator.cpp
  Projectile.cpp
  RainGenerator.cpp
  RenderUtils.cpp
C:\Users\luisj\OneDrive\Escritorio\Repositorios GitHub\SimulacionFisicaVideojuegos\common\PhysX-3.4\PxShared\include\task\PxTask.h(329,1): warning C5220: "physx::PxLightCpuTask::mRefCount": un miembro de datos no estático con un tipo calificado volátil ya no implica
           que los constructores de copia/movimiento generados por el compilador y los operadores de asignación de copia o movimiento no sean triviales (compilando archivo de origen main.cpp)
C:\Users\luisj\OneDrive\Escritorio\Repositorios GitHub\SimulacionFisicaVideojuegos\common\PhysX-3.4\PxShared\include\task\PxTask.h(326,19): message : vea la declaración de 'physx::PxLightCpuTask::mRefCount' (compilando archivo de origen main.cpp)
C:\Users\luisj\OneDrive\Escritorio\Repositorios GitHub\SimulacionFisicaVideojuegos\common\PhysX-3.4\PxShared\include\task\PxTask.h(329,1): warning C5220: "physx::PxLightCpuTask::mRefCount": un miembro de datos no estático con un tipo calificado volátil ya no implica
           que los constructores de copia/movimiento generados por el compilador y los operadores de asignación de copia o movimiento no sean triviales (compilando archivo de origen MistGenerator.cpp)
C:\Users\luisj\OneDrive\Escritorio\Repositorios GitHub\SimulacionFisicaVideojuegos\common\PhysX-3.4\PxShared\include\task\PxTask.h(326,19): message : vea la declaración de 'physx::PxLightCpuTask::mRefCount' (compilando archivo de origen MistGenerator.cpp)
C:\Users\luisj\OneDrive\Escritorio\Repositorios GitHub\SimulacionFisicaVideojuegos\common\PhysX-3.4\PxShared\include\task\PxTask.h(329,1): warning C5220: "physx::PxLightCpuTask::mRefCount": un miembro de datos no estático con un tipo calificado volátil ya no implica
           que los constructores de copia/movimiento generados por el compilador y los operadores de asignación de copia o movimiento no sean triviales (compilando archivo de origen ParticleGenerator.cpp)
C:\Users\luisj\OneDrive\Escritorio\Repositorios GitHub\SimulacionFisicaVideojuegos\common\PhysX-3.4\PxShared\include\task\PxTask.h(326,19): message : vea la declaración de 'physx::PxLightCpuTask::mRefCount' (compilando archivo de origen ParticleGenerator.cpp)
C:\Users\luisj\OneDrive\Escritorio\Repositorios GitHub\SimulacionFisicaVideojuegos\common\PhysX-3.4\PxShared\include\task\PxTask.h(329,1): warning C5220: "physx::PxLightCpuTask::mRefCount": un miembro de datos no estático con un tipo calificado volátil ya no implica
           que los constructores de copia/movimiento generados por el compilador y los operadores de asignación de copia o movimiento no sean triviales (compilando archivo de origen RainGenerator.cpp)
C:\Users\luisj\OneDrive\Escritorio\Repositorios GitHub\SimulacionFisicaVideojuegos\common\PhysX-3.4\PxShared\include\task\PxTask.h(326,19): message : vea la declaración de 'physx::PxLightCpuTask::mRefCount' (compilando archivo de origen RainGenerator.cpp)
C:\Users\luisj\OneDrive\Escritorio\Repositorios GitHub\SimulacionFisicaVideojuegos\common\PhysX-3.4\PxShared\include\task\PxTask.h(329,1): warning C5220: "physx::PxLightCpuTask::mRefCount": un miembro de datos no estático con un tipo calificado volátil ya no implica
           que los constructores de copia/movimiento generados por el compilador y los operadores de asignación de copia o movimiento no sean triviales (compilando archivo de origen Particle.cpp)
C:\Users\luisj\OneDrive\Escritorio\Repositorios GitHub\SimulacionFisicaVideojuegos\common\PhysX-3.4\PxShared\include\task\PxTask.h(326,19): message : vea la declaración de 'physx::PxLightCpuTask::mRefCount' (compilando archivo de origen Particle.cpp)
C:\Users\luisj\OneDrive\Escritorio\Repositorios GitHub\SimulacionFisicaVideojuegos\common\PhysX-3.4\PxShared\include\task\PxTask.h(329,1): warning C5220: "physx::PxLightCpuTask::mRefCount": un miembro de datos no estático con un tipo calificado volátil ya no implica
           que los constructores de copia/movimiento generados por el compilador y los operadores de asignación de copia o movimiento no sean triviales (compilando archivo de origen Projectile.cpp)
C:\Users\luisj\OneDrive\Escritorio\Repositorios GitHub\SimulacionFisicaVideojuegos\common\PhysX-3.4\PxShared\include\task\PxTask.h(326,19): message : vea la declaración de 'physx::PxLightCpuTask::mRefCount' (compilando archivo de origen Projectile.cpp)
C:\Users\luisj\OneDrive\Escritorio\Repositorios GitHub\SimulacionFisicaVideojuegos\common\PhysX-3.4\PxShared\include\task\PxTask.h(329,1): warning C5220: "physx::PxLightCpuTask::mRefCount": un miembro de datos no estático con un tipo calificado volátil ya no implica
           que los constructores de copia/movimiento generados por el compilador y los operadores de asignación de copia o movimiento no sean triviales (compilando archivo de origen callbacks.cpp)
C:\Users\luisj\OneDrive\Escritorio\Repositorios GitHub\SimulacionFisicaVideojuegos\common\PhysX-3.4\PxShared\include\task\PxTask.h(326,19): message : vea la declaración de 'physx::PxLightCpuTask::mRefCount' (compilando archivo de origen callbacks.cpp)
C:\Users\luisj\OneDrive\Escritorio\Repositorios GitHub\SimulacionFisicaVideojuegos\common\PhysX-3.4\PxShared\include\task\PxTask.h(329,1): warning C5220: "physx::PxLightCpuTask::mRefCount": un miembro de datos no estático con un tipo calificado volátil ya no implica
           que los constructores de copia/movimiento generados por el compilador y los operadores de asignación de copia o movimiento no sean triviales (compilando archivo de origen RenderUtils.cpp)
C:\Users\luisj\OneDrive\Escritorio\Repositorios GitHub\SimulacionFisicaVideojuegos\common\PhysX-3.4\PxShared\include\task\PxTask.h(326,19): message : vea la declaración de 'physx::PxLightCpuTask::mRefCount' (compilando archivo de origen RenderUtils.cpp)
C:\Users\luisj\OneDrive\Escritorio\Repositorios GitHub\SimulacionFisicaVideojuegos\Practica 3\Vector3D.h(11,32): warning C4227: se ha utilizado un anacronismo: se omiten los calificadores de la referencia (compilando archivo de origen main.cpp)
C:\Users\luisj\OneDrive\Escritorio\Repositorios GitHub\SimulacionFisicaVideojuegos\Practica 3\Particle.h(27,3): warning C4265: "Particle": la clase tiene funciones virtuales, pero su destructor no trivial no es virtual; puede que las instancias de esta clase no se destruyan correctamente (compilando archivo de origen MistGenerator.cpp)
C:\Users\luisj\OneDrive\Escritorio\Repositorios GitHub\SimulacionFisicaVideojuegos\Practica 3\Particle.h(27,3): warning C4265: "Particle": la clase tiene funciones virtuales, pero su destructor no trivial no es virtual; puede que las instancias de esta clase no se destruyan correctamente (compilando archivo de origen ParticleGenerator.cpp)
C:\Users\luisj\OneDrive\Escritorio\Repositorios GitHub\SimulacionFisicaVideojuegos\Practica 3\Particle.h(27,3): warning C4265: "Particle": la clase tiene funciones virtuales, pero su destructor no trivial no es virtual; puede que las instancias de esta clase no se destruyan correctamente (compilando archivo de origen main.cpp)
C:\Users\luisj\OneDrive\Escritorio\Repositorios GitHub\SimulacionFisicaVideojuegos\Practica 3\Projectile.h(11,1): warning C4265: "Projectile": la clase tiene funciones virtuales, pero su destructor no trivial no es virtual; puede que las instancias de esta clase no se destruyan correctamente (compilando archivo de origen main.cpp)
C:\Users\luisj\OneDrive\Escritorio\Repositorios GitHub\SimulacionFisicaVideojuegos\Practica 3\Particle.h(27,3): warning C4265: "Particle": la clase tiene funciones virtuales, pero su destructor no trivial no es virtual; puede que las instancias de esta clase no se destruyan correctamente (compilando archivo de origen RainGenerator.cpp)
C:\Users\luisj\OneDrive\Escritorio\Repositorios GitHub\SimulacionFisicaVideojuegos\Practica 3\Particle.h(27,3): warning C4265: "Particle": la clase tiene funciones virtuales, pero su destructor no trivial no es virtual; puede que las instancias de esta clase no se destruyan correctamente (compilando archivo de origen Projectile.cpp)
C:\Users\luisj\OneDrive\Escritorio\Repositorios GitHub\SimulacionFisicaVideojuegos\Practica 3\Projectile.h(11,1): warning C4265: "Projectile": la clase tiene funciones virtuales, pero su destructor no trivial no es virtual; puede que las instancias de esta clase no se destruyan correctamente (compilando archivo de origen Projectile.cpp)
C:\Users\luisj\OneDrive\Escritorio\Repositorios GitHub\SimulacionFisicaVideojuegos\Practica 3\Particle.h(27,3): warning C4265: "Particle": la clase tiene funciones virtuales, pero su destructor no trivial no es virtual; puede que las instancias de esta clase no se destruyan correctamente (compilando archivo de origen Particle.cpp)
C:\Users\luisj\OneDrive\Escritorio\Repositorios GitHub\SimulacionFisicaVideojuegos\Practica 3\Particle.cpp(4,4): warning C5038: miembro de datos "Particle::pose_" se inicializará después de miembro de datos "Particle::vel_"
C:\Users\luisj\OneDrive\Escritorio\Repositorios GitHub\SimulacionFisicaVideojuegos\Practica 3\Particle.cpp(4,57): warning C5038: miembro de datos "Particle::aliveTime_" se inicializará después de miembro de datos "Particle::isAlive_"
C:\Users\luisj\OneDrive\Escritorio\Repositorios GitHub\SimulacionFisicaVideojuegos\Practica 3\Particle.cpp(11,4): warning C5038: miembro de datos "Particle::pose_" se inicializará después de miembro de datos "Particle::vel_"
C:\Users\luisj\OneDrive\Escritorio\Repositorios GitHub\SimulacionFisicaVideojuegos\Practica 3\Particle.cpp(11,57): warning C5038: miembro de datos "Particle::aliveTime_" se inicializará después de miembro de datos "Particle::isAlive_"
C:\Users\luisj\OneDrive\Escritorio\Repositorios GitHub\SimulacionFisicaVideojuegos\Practica 3\Particle.cpp(16,4): warning C5038: miembro de datos "Particle::pose_" se inicializará después de miembro de datos "Particle::vel_"
C:\Users\luisj\OneDrive\Escritorio\Repositorios GitHub\SimulacionFisicaVideojuegos\Practica 3\Particle.cpp(16,57): warning C5038: miembro de datos "Particle::aliveTime_" se inicializará después de miembro de datos "Particle::isAlive_"
C:\Users\luisj\OneDrive\Escritorio\Repositorios GitHub\SimulacionFisicaVideojuegos\Practica 3\MistGenerator.cpp(8,61): warning C5219: conversión implícita de "int" a "float"; posible pérdida de datos
C:\Users\luisj\OneDrive\Escritorio\Repositorios GitHub\SimulacionFisicaVideojuegos\Practica 3\MistGenerator.cpp(8,82): warning C5219: conversión implícita de "int" a "float"; posible pérdida de datos
C:\Users\luisj\OneDrive\Escritorio\Repositorios GitHub\SimulacionFisicaVideojuegos\Practica 3\MistGenerator.cpp(9,61): warning C5219: conversión implícita de "int" a "float"; posible pérdida de datos
C:\Users\luisj\OneDrive\Escritorio\Repositorios GitHub\SimulacionFisicaVideojuegos\Practica 3\MistGenerator.cpp(9,82): warning C5219: conversión implícita de "int" a "float"; posible pérdida de datos
C:\Users\luisj\OneDrive\Escritorio\Repositorios GitHub\SimulacionFisicaVideojuegos\Practica 3\MistGenerator.cpp(10,61): warning C5219: conversión implícita de "int" a "float"; posible pérdida de datos
C:\Users\luisj\OneDrive\Escritorio\Repositorios GitHub\SimulacionFisicaVideojuegos\Practica 3\MistGenerator.cpp(10,82): warning C5219: conversión implícita de "int" a "float"; posible pérdida de datos
C:\Users\luisj\OneDrive\Escritorio\Repositorios GitHub\SimulacionFisicaVideojuegos\Practica 3\MistGenerator.cpp(32,76): warning C5219: conversión implícita de "int" a "float"; posible pérdida de datos
  Camera.cpp
  Render.cpp
C:\Users\luisj\OneDrive\Escritorio\Repositorios GitHub\SimulacionFisicaVideojuegos\Practica 3\main.cpp(124,20): warning C4388: '<': no coinciden signed/unsigned
C:\Users\luisj\OneDrive\Escritorio\Repositorios GitHub\SimulacionFisicaVideojuegos\Practica 3\RainGenerator.cpp(10,61): warning C5219: conversión implícita de "int" a "float"; posible pérdida de datos
C:\Users\luisj\OneDrive\Escritorio\Repositorios GitHub\SimulacionFisicaVideojuegos\Practica 3\RainGenerator.cpp(10,82): warning C5219: conversión implícita de "int" a "float"; posible pérdida de datos
C:\Users\luisj\OneDrive\Escritorio\Repositorios GitHub\SimulacionFisicaVideojuegos\Practica 3\RainGenerator.cpp(12,61): warning C5219: conversión implícita de "int" a "float"; posible pérdida de datos
C:\Users\luisj\OneDrive\Escritorio\Repositorios GitHub\SimulacionFisicaVideojuegos\Practica 3\RainGenerator.cpp(12,82): warning C5219: conversión implícita de "int" a "float"; posible pérdida de datos
C:\Users\luisj\OneDrive\Escritorio\Repositorios GitHub\SimulacionFisicaVideojuegos\Practica 3\RainGenerator.cpp(31,76): warning C5219: conversión implícita de "int" a "float"; posible pérdida de datos
C:\Users\luisj\OneDrive\Escritorio\Repositorios GitHub\SimulacionFisicaVideojuegos\Practica 3\Render\Camera.cpp(88,19): warning C5219: conversión implícita de "int" a "float"; posible pérdida de datos
C:\Users\luisj\OneDrive\Escritorio\Repositorios GitHub\SimulacionFisicaVideojuegos\Practica 3\Render\Camera.cpp(90,19): warning C5219: conversión implícita de "int" a "float"; posible pérdida de datos
C:\Users\luisj\OneDrive\Escritorio\Repositorios GitHub\SimulacionFisicaVideojuegos\common\PhysX-3.4\PxShared\include\foundation\PxVec3.h(293): warning C5045: El compilador insertará la mitigación de Spectre para la carga de memoria si se especificó el modificador /Qspectre
  C:\Users\luisj\OneDrive\Escritorio\Repositorios GitHub\SimulacionFisicaVideojuegos\common\PhysX-3.4\PxShared\include\foundation\PxVec3.h(293) : nota: el intervalo "m" del índice se comprobó por comparación en esta línea
  C:\Users\luisj\OneDrive\Escritorio\Repositorios GitHub\SimulacionFisicaVideojuegos\common\PhysX-3.4\PxShared\include\foundation\PxVec3.h(293) : nota: suministra la llamada en esta línea
C:\Users\luisj\OneDrive\Escritorio\Repositorios GitHub\SimulacionFisicaVideojuegos\common\PhysX-3.4\PxShared\include\foundation\PxVec3.h(303): warning C5045: El compilador insertará la mitigación de Spectre para la carga de memoria si se especificó el modificador /Qspectre
  C:\Users\luisj\OneDrive\Escritorio\Repositorios GitHub\SimulacionFisicaVideojuegos\common\PhysX-3.4\PxShared\include\foundation\PxVec3.h(302) : nota: el intervalo "m" del índice se comprobó por comparación en esta línea
  C:\Users\luisj\OneDrive\Escritorio\Repositorios GitHub\SimulacionFisicaVideojuegos\common\PhysX-3.4\PxShared\include\foundation\PxVec3.h(303) : nota: suministra la llamada en esta línea
  Vector3D.cpp
C:\Users\luisj\OneDrive\Escritorio\Repositorios GitHub\SimulacionFisicaVideojuegos\Practica 3\Vector3D.h(11,32): warning C4227: se ha utilizado un anacronismo: se omiten los calificadores de la referencia (compilando archivo de origen Vector3D.cpp)
C:\Users\luisj\OneDrive\Escritorio\Repositorios GitHub\SimulacionFisicaVideojuegos\common\PhysX-3.4\PxShared\include\task\PxTask.h(329,1): warning C5220: "physx::PxLightCpuTask::mRefCount": un miembro de datos no estático con un tipo calificado volátil ya no implica
           que los constructores de copia/movimiento generados por el compilador y los operadores de asignación de copia o movimiento no sean triviales (compilando archivo de origen Render\Render.cpp)
C:\Users\luisj\OneDrive\Escritorio\Repositorios GitHub\SimulacionFisicaVideojuegos\common\PhysX-3.4\PxShared\include\task\PxTask.h(326,19): message : vea la declaración de 'physx::PxLightCpuTask::mRefCount' (compilando archivo de origen Render\Render.cpp)
  HoseGenerator.cpp
C:\Users\luisj\OneDrive\Escritorio\Repositorios GitHub\SimulacionFisicaVideojuegos\Practica 3\Vector3D.cpp(21,41): warning C4227: se ha utilizado un anacronismo: se omiten los calificadores de la referencia
C:\Users\luisj\OneDrive\Escritorio\Repositorios GitHub\SimulacionFisicaVideojuegos\Practica 3\main.cpp(129): warning C5045: El compilador insertará la mitigación de Spectre para la carga de memoria si se especificó el modificador /Qspectre
  C:\Users\luisj\OneDrive\Escritorio\Repositorios GitHub\SimulacionFisicaVideojuegos\Practica 3\main.cpp(124) : nota: el intervalo "" del índice se comprobó por comparación en esta línea
  C:\Users\luisj\OneDrive\Escritorio\Repositorios GitHub\SimulacionFisicaVideojuegos\Practica 3\main.cpp(129) : nota: suministra la llamada en esta línea
C:\Users\luisj\OneDrive\Escritorio\Repositorios GitHub\SimulacionFisicaVideojuegos\Practica 3\main.cpp(127): warning C5045: El compilador insertará la mitigación de Spectre para la carga de memoria si se especificó el modificador /Qspectre
  C:\Users\luisj\OneDrive\Escritorio\Repositorios GitHub\SimulacionFisicaVideojuegos\Practica 3\main.cpp(124) : nota: el intervalo "" del índice se comprobó por comparación en esta línea
  C:\Users\luisj\OneDrive\Escritorio\Repositorios GitHub\SimulacionFisicaVideojuegos\Practica 3\main.cpp(127) : nota: suministra la llamada en esta línea
C:\Users\luisj\OneDrive\Escritorio\Repositorios GitHub\SimulacionFisicaVideojuegos\Practica 3\main.cpp(125): warning C5045: El compilador insertará la mitigación de Spectre para la carga de memoria si se especificó el modificador /Qspectre
  C:\Users\luisj\OneDrive\Escritorio\Repositorios GitHub\SimulacionFisicaVideojuegos\Practica 3\main.cpp(124) : nota: el intervalo "" del índice se comprobó por comparación en esta línea
  C:\Users\luisj\OneDrive\Escritorio\Repositorios GitHub\SimulacionFisicaVideojuegos\Practica 3\main.cpp(125) : nota: suministra la llamada en esta línea
C:\Users\luisj\OneDrive\Escritorio\Repositorios GitHub\SimulacionFisicaVideojuegos\common\PhysX-3.4\PxShared\include\task\PxTask.h(329,1): warning C5220: "physx::PxLightCpuTask::mRefCount": un miembro de datos no estático con un tipo calificado volátil ya no implica
           que los constructores de copia/movimiento generados por el compilador y los operadores de asignación de copia o movimiento no sean triviales (compilando archivo de origen HoseGenerator.cpp)
C:\Users\luisj\OneDrive\Escritorio\Repositorios GitHub\SimulacionFisicaVideojuegos\common\PhysX-3.4\PxShared\include\task\PxTask.h(326,19): message : vea la declaración de 'physx::PxLightCpuTask::mRefCount' (compilando archivo de origen HoseGenerator.cpp)
C:\Users\luisj\OneDrive\Escritorio\Repositorios GitHub\SimulacionFisicaVideojuegos\Practica 3\Render\Render.cpp(398,13): warning C4267: 'inicializando': conversión de 'size_t' a 'int'; posible pérdida de datos
C:\Users\luisj\OneDrive\Escritorio\Repositorios GitHub\SimulacionFisicaVideojuegos\Practica 3\Render\Render.cpp(345): warning C5045: El compilador insertará la mitigación de Spectre para la carga de memoria si se especificó el modificador /Qspectre
  C:\Users\luisj\OneDrive\Escritorio\Repositorios GitHub\SimulacionFisicaVideojuegos\Practica 3\Render\Render.cpp(340) : nota: el intervalo "j" del índice se comprobó por comparación en esta línea
  C:\Users\luisj\OneDrive\Escritorio\Repositorios GitHub\SimulacionFisicaVideojuegos\Practica 3\Render\Render.cpp(345) : nota: suministra la llamada en esta línea
C:\Users\luisj\OneDrive\Escritorio\Repositorios GitHub\SimulacionFisicaVideojuegos\Practica 3\Render\Render.cpp(338): warning C5045: El compilador insertará la mitigación de Spectre para la carga de memoria si se especificó el modificador /Qspectre
  C:\Users\luisj\OneDrive\Escritorio\Repositorios GitHub\SimulacionFisicaVideojuegos\Practica 3\Render\Render.cpp(333) : nota: el intervalo "i" del índice se comprobó por comparación en esta línea
  C:\Users\luisj\OneDrive\Escritorio\Repositorios GitHub\SimulacionFisicaVideojuegos\Practica 3\Render\Render.cpp(338) : nota: suministra la carga de memoria en esta línea
C:\Users\luisj\OneDrive\Escritorio\Repositorios GitHub\SimulacionFisicaVideojuegos\Practica 3\Render\Render.cpp(401): warning C5045: El compilador insertará la mitigación de Spectre para la carga de memoria si se especificó el modificador /Qspectre
  C:\Users\luisj\OneDrive\Escritorio\Repositorios GitHub\SimulacionFisicaVideojuegos\Practica 3\Render\Render.cpp(400) : nota: el intervalo "i" del índice se comprobó por comparación en esta línea
  C:\Users\luisj\OneDrive\Escritorio\Repositorios GitHub\SimulacionFisicaVideojuegos\Practica 3\Render\Render.cpp(401) : nota: suministra la llamada en esta línea
C:\Users\luisj\OneDrive\Escritorio\Repositorios GitHub\SimulacionFisicaVideojuegos\Practica 3\Render\Render.cpp(151): warning C5045: El compilador insertará la mitigación de Spectre para la carga de memoria si se especificó el modificador /Qspectre
  C:\Users\luisj\OneDrive\Escritorio\Repositorios GitHub\SimulacionFisicaVideojuegos\Practica 3\Render\Render.cpp(144) : nota: el intervalo "" del índice se comprobó por comparación en esta línea
  C:\Users\luisj\OneDrive\Escritorio\Repositorios GitHub\SimulacionFisicaVideojuegos\Practica 3\Render\Render.cpp(151) : nota: suministra la llamada en esta línea
C:\Users\luisj\OneDrive\Escritorio\Repositorios GitHub\SimulacionFisicaVideojuegos\Practica 3\Render\Render.cpp(136): warning C5045: El compilador insertará la mitigación de Spectre para la carga de memoria si se especificó el modificador /Qspectre
  C:\Users\luisj\OneDrive\Escritorio\Repositorios GitHub\SimulacionFisicaVideojuegos\Practica 3\Render\Render.cpp(121) : nota: el intervalo "nbPolys" del índice se comprobó por comparación en esta línea
  C:\Users\luisj\OneDrive\Escritorio\Repositorios GitHub\SimulacionFisicaVideojuegos\Practica 3\Render\Render.cpp(136) : nota: suministra la llamada en esta línea
C:\Users\luisj\OneDrive\Escritorio\Repositorios GitHub\SimulacionFisicaVideojuegos\Practica 3\Render\Render.cpp(124): warning C5045: El compilador insertará la mitigación de Spectre para la carga de memoria si se especificó el modificador /Qspectre
  C:\Users\luisj\OneDrive\Escritorio\Repositorios GitHub\SimulacionFisicaVideojuegos\Practica 3\Render\Render.cpp(121) : nota: el intervalo "nbPolys" del índice se comprobó por comparación en esta línea
  C:\Users\luisj\OneDrive\Escritorio\Repositorios GitHub\SimulacionFisicaVideojuegos\Practica 3\Render\Render.cpp(124) : nota: suministra la carga de memoria en esta línea
C:\Users\luisj\OneDrive\Escritorio\Repositorios GitHub\SimulacionFisicaVideojuegos\Practica 3\Render\Render.cpp(208): warning C5045: El compilador insertará la mitigación de Spectre para la carga de memoria si se especificó el modificador /Qspectre
  C:\Users\luisj\OneDrive\Escritorio\Repositorios GitHub\SimulacionFisicaVideojuegos\Practica 3\Render\Render.cpp(201) : nota: el intervalo "" del índice se comprobó por comparación en esta línea
  C:\Users\luisj\OneDrive\Escritorio\Repositorios GitHub\SimulacionFisicaVideojuegos\Practica 3\Render\Render.cpp(208) : nota: suministra la llamada en esta línea
C:\Users\luisj\OneDrive\Escritorio\Repositorios GitHub\SimulacionFisicaVideojuegos\Practica 3\Render\Render.cpp(195): warning C5045: El compilador insertará la mitigación de Spectre para la carga de memoria si se especificó el modificador /Qspectre
  C:\Users\luisj\OneDrive\Escritorio\Repositorios GitHub\SimulacionFisicaVideojuegos\Practica 3\Render\Render.cpp(181) : nota: el intervalo "triangleCount" del índice se comprobó por comparación en esta línea
  C:\Users\luisj\OneDrive\Escritorio\Repositorios GitHub\SimulacionFisicaVideojuegos\Practica 3\Render\Render.cpp(195) : nota: suministra la llamada en esta línea
C:\Users\luisj\OneDrive\Escritorio\Repositorios GitHub\SimulacionFisicaVideojuegos\Practica 3\Render\Render.cpp(189): warning C5045: El compilador insertará la mitigación de Spectre para la carga de memoria si se especificó el modificador /Qspectre
  C:\Users\luisj\OneDrive\Escritorio\Repositorios GitHub\SimulacionFisicaVideojuegos\Practica 3\Render\Render.cpp(181) : nota: el intervalo "triangleCount" del índice se comprobó por comparación en esta línea
  C:\Users\luisj\OneDrive\Escritorio\Repositorios GitHub\SimulacionFisicaVideojuegos\Practica 3\Render\Render.cpp(189) : nota: suministra la llamada en esta línea
C:\Users\luisj\OneDrive\Escritorio\Repositorios GitHub\SimulacionFisicaVideojuegos\common\PhysX-3.4\PxShared\include\foundation\PxVec3.h(303): warning C5045: El compilador insertará la mitigación de Spectre para la carga de memoria si se especificó el modificador /Qspectre
  C:\Users\luisj\OneDrive\Escritorio\Repositorios GitHub\SimulacionFisicaVideojuegos\common\PhysX-3.4\PxShared\include\foundation\PxVec3.h(302) : nota: el intervalo "m" del índice se comprobó por comparación en esta línea
  C:\Users\luisj\OneDrive\Escritorio\Repositorios GitHub\SimulacionFisicaVideojuegos\common\PhysX-3.4\PxShared\include\foundation\PxVec3.h(303) : nota: suministra la llamada en esta línea
C:\Users\luisj\OneDrive\Escritorio\Repositorios GitHub\SimulacionFisicaVideojuegos\Practica 3\Particle.h(27,3): warning C4265: "Particle": la clase tiene funciones virtuales, pero su destructor no trivial no es virtual; puede que las instancias de esta clase no se destruyan correctamente (compilando archivo de origen HoseGenerator.cpp)
C:\Users\luisj\OneDrive\Escritorio\Repositorios GitHub\SimulacionFisicaVideojuegos\Practica 3\HoseGenerator.cpp(31,76): warning C5219: conversión implícita de "int" a "float"; posible pérdida de datos
  game.vcxproj -> C:\Users\luisj\OneDrive\Escritorio\Repositorios GitHub\SimulacionFisicaVideojuegos\bin\gameDEBUG.exe
